<?xml version="1.0" encoding="UTF-8"?>
<!-- Generated by org.testng.reporters.JUnitReportReporter -->
<testsuite hostname="Mahadev" failures="0" tests="1" name="com.qa.tests.PutAPITest" time="3.619" errors="0" timestamp="12 Sep 2018 23:23:04 GMT">
  <testcase classname="com.qa.tests.PutAPITest" name="createUserTest" time="3.619"/>
</testsuite> <!-- com.qa.tests.PutAPITest -->
