<?xml version="1.0" encoding="UTF-8"?>
<!-- Generated by org.testng.reporters.JUnitReportReporter -->
<testsuite hostname="Mahadev" failures="0" tests="1" name="com.qa.tests.DeleteAPITest" time="2.993" errors="0" timestamp="11 Oct 2018 03:40:09 GMT">
  <testcase classname="com.qa.tests.DeleteAPITest" name="deleteAPITest" time="2.993"/>
</testsuite> <!-- com.qa.tests.DeleteAPITest -->
