<?xml version="1.0" encoding="UTF-8"?>
<!-- Generated by org.testng.reporters.JUnitReportReporter -->
<testsuite hostname="Mahadev" failures="0" tests="1" name="com.qa.tests.PostAPITestCase" time="2.787" errors="0" timestamp="15 Sep 2018 23:29:24 GMT">
  <testcase classname="com.qa.tests.PostAPITestCase" name="createUserTest" time="2.787"/>
</testsuite> <!-- com.qa.tests.PostAPITestCase -->
