<?xml version="1.0" encoding="UTF-8"?>
<!-- Generated by org.testng.reporters.JUnitReportReporter -->
<testsuite hostname="Mahadev" failures="0" tests="1" name="com.qa.tests.GetCallTest" time="3.767" errors="0" timestamp="11 Sep 2018 21:31:33 GMT">
  <testcase classname="com.qa.tests.GetCallTest" name="getAPITest" time="3.767"/>
</testsuite> <!-- com.qa.tests.GetCallTest -->
